<?xml version="1.0" encoding="UTF-8"?>
<!-- Generated by org.testng.reporters.JUnitXMLReporter -->
<testsuite hostname="user-PC" ignored="2" name="Default test" tests="1" failures="0" timestamp="05 Nov 2020 15:57:36 GMT" time="85.699" errors="0">
  <testcase name="loginTest" time="32.583" classname="com.crm.qa.testcases.LoginPageTest"/>
  <testcase name="TitleTest" time="0.0" classname="com.crm.qa.testcases.LoginPageTest">
    <ignored/>
  </testcase> <!-- TitleTest -->
  <testcase name="CrmLogoImageTest" time="0.0" classname="com.crm.qa.testcases.LoginPageTest">
    <ignored/>
  </testcase> <!-- CrmLogoImageTest -->
</testsuite> <!-- Default test -->
