<?xml version="1.0" encoding="UTF-8"?>
<!-- Generated by org.testng.reporters.JUnitXMLReporter -->
<testsuite hostname="user-PC" ignored="0" name="Free CRM Application Test" tests="6" failures="0" timestamp="04 Nov 2020 14:23:32 GMT" time="237.622" errors="0">
  <testcase name="TitleTest" time="0.028" classname="com.crm.qa.testcases.LoginPageTest"/>
  <testcase name="verifyHomePageTitleTest" time="0.017" classname="com.crm.qa.testcases.HomePageTest"/>
  <testcase name="verifycontactsLabelTest" time="0.267" classname="com.crm.qa.testcases.ContactsPageTest"/>
  <testcase name="verifyverifytasksLabelTest" time="0.277" classname="com.crm.qa.testcases.TasksPageTest"/>
  <testcase name="verifydealsLabelTest" time="0.207" classname="com.crm.qa.testcases.DealsPageTest"/>
  <testcase name="CrmLogoImageTest" time="0.323" classname="com.crm.qa.testcases.LoginPageTest"/>
</testsuite> <!-- Free CRM Application Test -->
